{"total": {"lines":{"total":355,"covered":127,"skipped":0,"pct":35.77},"statements":{"total":357,"covered":127,"skipped":0,"pct":35.57},"functions":{"total":78,"covered":28,"skipped":0,"pct":35.9},"branches":{"total":110,"covered":29,"skipped":0,"pct":26.36}}
,"D:\\User Folders\\Desktop\\Calimari\\CalamariCrew\\root\\src\\js\\main.js": {"lines":{"total":103,"covered":0,"skipped":0,"pct":0},"functions":{"total":23,"covered":0,"skipped":0,"pct":0},"statements":{"total":104,"covered":0,"skipped":0,"pct":0},"branches":{"total":36,"covered":0,"skipped":0,"pct":0}}
,"D:\\User Folders\\Desktop\\Calimari\\CalamariCrew\\root\\src\\js\\main_page.js": {"lines":{"total":42,"covered":2,"skipped":0,"pct":4.76},"functions":{"total":7,"covered":0,"skipped":0,"pct":0},"statements":{"total":42,"covered":2,"skipped":0,"pct":4.76},"branches":{"total":16,"covered":2,"skipped":0,"pct":12.5}}
,"D:\\User Folders\\Desktop\\Calimari\\CalamariCrew\\root\\src\\js\\raptor_name.js": {"lines":{"total":11,"covered":11,"skipped":0,"pct":100},"functions":{"total":3,"covered":2,"skipped":0,"pct":66.67},"statements":{"total":12,"covered":11,"skipped":0,"pct":91.67},"branches":{"total":4,"covered":4,"skipped":0,"pct":100}}
,"D:\\User Folders\\Desktop\\Calimari\\CalamariCrew\\root\\src\\js\\remove_all.js": {"lines":{"total":15,"covered":0,"skipped":0,"pct":0},"functions":{"total":3,"covered":0,"skipped":0,"pct":0},"statements":{"total":15,"covered":0,"skipped":0,"pct":0},"branches":{"total":2,"covered":0,"skipped":0,"pct":0}}
,"D:\\User Folders\\Desktop\\Calimari\\CalamariCrew\\root\\src\\js\\user_settings.js": {"lines":{"total":62,"covered":62,"skipped":0,"pct":100},"functions":{"total":9,"covered":9,"skipped":0,"pct":100},"statements":{"total":62,"covered":62,"skipped":0,"pct":100},"branches":{"total":10,"covered":9,"skipped":0,"pct":90}}
,"D:\\User Folders\\Desktop\\Calimari\\CalamariCrew\\root\\src\\js\\validation.js": {"lines":{"total":23,"covered":0,"skipped":0,"pct":0},"functions":{"total":3,"covered":0,"skipped":0,"pct":0},"statements":{"total":23,"covered":0,"skipped":0,"pct":0},"branches":{"total":16,"covered":0,"skipped":0,"pct":0}}
,"D:\\User Folders\\Desktop\\Calimari\\CalamariCrew\\root\\src\\js\\github\\issues.js": {"lines":{"total":66,"covered":52,"skipped":0,"pct":78.79},"functions":{"total":22,"covered":17,"skipped":0,"pct":77.27},"statements":{"total":66,"covered":52,"skipped":0,"pct":78.79},"branches":{"total":20,"covered":14,"skipped":0,"pct":70}}
,"D:\\User Folders\\Desktop\\Calimari\\CalamariCrew\\root\\src\\js\\github\\repo.js": {"lines":{"total":26,"covered":0,"skipped":0,"pct":0},"functions":{"total":5,"covered":0,"skipped":0,"pct":0},"statements":{"total":26,"covered":0,"skipped":0,"pct":0},"branches":{"total":6,"covered":0,"skipped":0,"pct":0}}
,"D:\\User Folders\\Desktop\\Calimari\\CalamariCrew\\root\\src\\js\\mock-request\\mock-request.js": {"lines":{"total":7,"covered":0,"skipped":0,"pct":0},"functions":{"total":3,"covered":0,"skipped":0,"pct":0},"statements":{"total":7,"covered":0,"skipped":0,"pct":0},"branches":{"total":0,"covered":0,"skipped":0,"pct":100}}
}
