{"total": {"lines":{"total":63,"covered":58,"skipped":0,"pct":92.06},"statements":{"total":63,"covered":58,"skipped":0,"pct":92.06},"functions":{"total":9,"covered":8,"skipped":0,"pct":88.89},"branches":{"total":10,"covered":6,"skipped":0,"pct":60}}
,"/Users/jsonavalos/master/root/src/js/user_settings.js": {"lines":{"total":63,"covered":58,"skipped":0,"pct":92.06},"functions":{"total":9,"covered":8,"skipped":0,"pct":88.89},"statements":{"total":63,"covered":58,"skipped":0,"pct":92.06},"branches":{"total":10,"covered":6,"skipped":0,"pct":60}}
}
