TN:
SF:root/src/js/main.js
FN:1,(anonymous_0)
FN:4,(anonymous_1)
FN:17,(anonymous_2)
FN:28,(anonymous_3)
FN:57,handleProviderResponse
FN:75,exchangeCodeForToken
FN:94,(anonymous_6)
FN:119,(anonymous_7)
FN:126,interactiveSignIn
FN:128,(anonymous_9)
FN:137,(anonymous_10)
FN:150,disableButton
FN:154,showButton
FN:159,storeAndredirect
FN:175,parseRedirectFragment
FN:178,(anonymous_15)
FN:185,setAccessToken
FNF:17
FNH:9
FNDA:1,(anonymous_0)
FNDA:1,(anonymous_1)
FNDA:0,(anonymous_2)
FNDA:0,(anonymous_3)
FNDA:0,handleProviderResponse
FNDA:0,exchangeCodeForToken
FNDA:0,(anonymous_6)
FNDA:0,(anonymous_7)
FNDA:0,interactiveSignIn
FNDA:0,(anonymous_9)
FNDA:1,(anonymous_10)
FNDA:1,disableButton
FNDA:1,showButton
FNDA:5,storeAndredirect
FNDA:2,parseRedirectFragment
FNDA:4,(anonymous_15)
FNDA:2,setAccessToken
DA:1,1
DA:4,1
DA:7,1
DA:10,1
DA:11,1
DA:12,1
DA:14,1
DA:16,1
DA:18,0
DA:28,0
DA:31,0
DA:37,0
DA:38,0
DA:39,0
DA:47,0
DA:48,0
DA:49,0
DA:52,0
DA:55,0
DA:58,0
DA:59,0
DA:60,0
DA:61,0
DA:65,0
DA:66,0
DA:68,0
DA:76,0
DA:77,0
DA:89,0
DA:93,0
DA:94,0
DA:97,0
DA:98,0
DA:99,0
DA:100,0
DA:101,0
DA:102,0
DA:104,0
DA:111,0
DA:112,0
DA:115,0
DA:120,0
DA:127,0
DA:128,0
DA:129,0
DA:130,0
DA:135,1
DA:139,1
DA:140,1
DA:141,1
DA:142,1
DA:143,1
DA:144,1
DA:145,0
DA:151,1
DA:155,1
DA:156,1
DA:160,5
DA:161,1
DA:162,1
DA:163,1
DA:164,1
DA:165,4
DA:166,1
DA:167,1
DA:168,1
DA:169,3
DA:170,1
DA:171,1
DA:176,2
DA:177,2
DA:178,2
DA:179,4
DA:180,4
DA:182,2
DA:186,2
DA:187,2
DA:190,1
LF:78
LH:39
BRDA:37,0,0,0
BRDA:37,0,1,0
BRDA:48,1,0,0
BRDA:48,1,1,0
BRDA:48,2,0,0
BRDA:48,2,1,0
BRDA:59,3,0,0
BRDA:59,3,1,0
BRDA:65,4,0,0
BRDA:65,4,1,0
BRDA:97,5,0,0
BRDA:97,5,1,0
BRDA:100,6,0,0
BRDA:100,6,1,0
BRDA:120,7,0,0
BRDA:120,7,1,0
BRDA:129,8,0,0
BRDA:129,8,1,0
BRDA:160,9,0,1
BRDA:160,9,1,4
BRDA:160,10,0,5
BRDA:160,10,1,3
BRDA:160,10,2,2
BRDA:165,11,0,1
BRDA:165,11,1,3
BRDA:165,12,0,4
BRDA:165,12,1,2
BRDA:169,13,0,1
BRDA:169,13,1,2
BRF:29
BRH:11
end_of_record
TN:
SF:root/src/js/main_page.js
FN:10,getMostRecentMilestone
FN:19,setUser
FN:25,getUser
FN:29,fetchUrl
FN:38,getRepoName
FN:43,displayError
FN:58,getNumIssues
FN:62,setUserVelocity
FN:69,(anonymous_8)
FN:94,loadVelocity
FN:109,initAccessories
FNF:11
FNH:11
FNDA:1,getMostRecentMilestone
FNDA:3,setUser
FNDA:2,getUser
FNDA:6,fetchUrl
FNDA:1,getRepoName
FNDA:2,displayError
FNDA:1,getNumIssues
FNDA:1,setUserVelocity
FNDA:4,(anonymous_8)
FNDA:2,loadVelocity
FNDA:3,initAccessories
DA:1,2
DA:2,2
DA:4,2
DA:5,2
DA:6,2
DA:7,2
DA:8,2
DA:11,1
DA:12,1
DA:13,1
DA:15,1
DA:16,1
DA:20,3
DA:21,1
DA:22,1
DA:26,2
DA:30,6
DA:35,4
DA:39,1
DA:40,1
DA:44,2
DA:45,2
DA:47,1
DA:48,1
DA:50,1
DA:51,1
DA:53,2
DA:54,2
DA:59,1
DA:63,1
DA:64,1
DA:65,1
DA:66,1
DA:67,1
DA:68,1
DA:69,4
DA:70,1
DA:73,1
DA:83,1
DA:84,1
DA:88,1
DA:89,1
DA:90,1
DA:95,2
DA:96,0
DA:97,0
DA:98,0
DA:99,0
DA:101,0
DA:102,0
DA:103,0
DA:104,0
DA:106,0
DA:110,3
DA:111,3
DA:112,1
DA:115,1
DA:116,1
DA:118,3
DA:123,1
DA:124,1
DA:125,4
DA:126,1
DA:133,2
DA:134,2
LF:65
LH:56
BRDA:16,0,0,1
BRDA:16,0,1,0
BRDA:16,1,0,1
BRDA:16,1,1,1
BRDA:45,2,0,1
BRDA:45,2,1,1
BRDA:70,3,0,0
BRDA:70,3,1,1
BRDA:73,4,0,1
BRDA:73,4,1,0
BRDA:89,5,0,1
BRDA:89,5,1,0
BRDA:89,6,0,1
BRDA:89,6,1,0
BRDA:97,7,0,0
BRDA:97,7,1,0
BRDA:102,8,0,0
BRDA:102,8,1,0
BRDA:111,9,0,1
BRDA:111,9,1,2
BRDA:118,10,0,1
BRDA:118,10,1,2
BRDA:125,11,0,1
BRDA:125,11,1,3
BRF:24
BRH:15
end_of_record
TN:
SF:root/src/js/raptor_name.js
FN:4,(anonymous_0)
FN:6,saveName
FN:13,isRaptorNameValid
FN:96,(anonymous_3)
FNF:4
FNH:3
FNDA:0,(anonymous_0)
FNDA:1,saveName
FNDA:5,isRaptorNameValid
FNDA:5,(anonymous_3)
DA:1,3
DA:3,3
DA:4,2
DA:7,1
DA:8,1
DA:9,1
DA:10,1
DA:14,5
DA:93,5
DA:94,5
DA:96,5
DA:98,5
DA:100,4
DA:103,1
LF:14
LH:14
BRDA:3,0,0,2
BRDA:3,0,1,1
BRDA:98,1,0,4
BRDA:98,1,1,1
BRF:4
BRH:4
end_of_record
TN:
SF:root/src/js/remove_all.js
FN:4,restartGif
FN:15,(anonymous_1)
FN:21,removeAllData
FNF:3
FNH:2
FNDA:1,restartGif
FNDA:0,(anonymous_1)
FNDA:1,removeAllData
DA:1,1
DA:2,1
DA:5,1
DA:6,1
DA:8,1
DA:9,1
DA:10,1
DA:14,1
DA:15,0
DA:16,0
DA:17,0
DA:22,1
DA:23,1
DA:24,1
DA:25,1
DA:26,1
DA:29,1
DA:30,1
LF:18
LH:15
BRDA:8,0,0,1
BRDA:8,0,1,0
BRDA:14,1,0,0
BRDA:14,1,1,1
BRF:4
BRH:2
end_of_record
TN:
SF:root/src/js/user_settings.js
FN:16,(anonymous_0)
FN:17,(anonymous_1)
FN:31,clearAccessory
FN:47,(anonymous_3)
FN:55,(anonymous_4)
FN:64,(anonymous_5)
FN:75,currentlyActive
FN:79,(anonymous_7)
FN:95,displayRaptorName
FNF:9
FNH:9
FNDA:32,(anonymous_0)
FNDA:8,(anonymous_1)
FNDA:1,clearAccessory
FNDA:2,(anonymous_3)
FNDA:2,(anonymous_4)
FNDA:1,(anonymous_5)
FNDA:16,currentlyActive
FNDA:14,(anonymous_7)
FNDA:8,displayRaptorName
DA:2,8
DA:3,8
DA:4,8
DA:6,8
DA:7,8
DA:8,8
DA:10,8
DA:12,8
DA:14,8
DA:15,8
DA:16,8
DA:17,32
DA:18,8
DA:19,8
DA:20,8
DA:21,8
DA:29,8
DA:32,1
DA:33,1
DA:34,4
DA:35,4
DA:39,4
DA:47,8
DA:48,2
DA:49,2
DA:50,2
DA:51,2
DA:52,2
DA:53,2
DA:55,8
DA:56,2
DA:57,2
DA:58,2
DA:59,2
DA:60,2
DA:61,2
DA:64,8
DA:65,1
DA:66,1
DA:67,1
DA:68,1
DA:69,1
DA:70,1
DA:76,16
DA:77,16
DA:78,16
DA:79,46
DA:80,14
DA:81,10
DA:85,14
DA:87,14
DA:91,8
DA:96,8
DA:98,8
DA:99,7
DA:104,1
DA:107,8
DA:111,8
DA:112,7
DA:113,7
DA:114,28
DA:115,12
LF:62
LH:62
BRDA:34,0,0,4
BRDA:34,0,1,0
BRDA:80,1,0,10
BRDA:80,1,1,4
BRDA:98,2,0,7
BRDA:98,2,1,1
BRDA:111,3,0,7
BRDA:111,3,1,1
BRDA:114,4,0,12
BRDA:114,4,1,16
BRF:10
BRH:9
end_of_record
TN:
SF:root/src/js/github/issues.js
FN:3,displayIssues
FN:14,fetchToken
FN:24,fetchRepository
FN:43,fetchUsername
FN:54,(anonymous_4)
FN:55,(anonymous_5)
FN:59,(anonymous_6)
FN:67,retrieveIssues
FN:74,(anonymous_8)
FN:75,(anonymous_9)
FN:79,(anonymous_10)
FN:85,filterAssignedIssues
FN:86,(anonymous_12)
FN:92,(anonymous_13)
FN:102,addIssuesToDOM
FN:105,(anonymous_15)
FN:125,createIssueCheckbox
FN:132,(anonymous_17)
FN:142,closeIssue
FN:154,(anonymous_19)
FN:155,(anonymous_20)
FN:158,(anonymous_21)
FNF:22
FNH:17
FNDA:1,displayIssues
FNDA:3,fetchToken
FNDA:2,fetchRepository
FNDA:3,fetchUsername
FNDA:1,(anonymous_4)
FNDA:1,(anonymous_5)
FNDA:1,(anonymous_6)
FNDA:1,retrieveIssues
FNDA:0,(anonymous_8)
FNDA:0,(anonymous_9)
FNDA:1,(anonymous_10)
FNDA:1,filterAssignedIssues
FNDA:3,(anonymous_12)
FNDA:3,(anonymous_13)
FNDA:1,addIssuesToDOM
FNDA:2,(anonymous_15)
FNDA:2,createIssueCheckbox
FNDA:0,(anonymous_17)
FNDA:1,closeIssue
FNDA:0,(anonymous_19)
FNDA:0,(anonymous_20)
FNDA:1,(anonymous_21)
DA:1,1
DA:4,1
DA:5,1
DA:6,0
DA:7,0
DA:8,0
DA:10,1
DA:15,3
DA:17,3
DA:18,1
DA:20,2
DA:25,2
DA:26,2
DA:28,2
DA:29,1
DA:31,1
DA:32,1
DA:33,1
DA:34,0
DA:37,1
DA:39,1
DA:44,3
DA:46,3
DA:47,1
DA:49,2
DA:54,1
DA:56,1
DA:57,1
DA:60,1
DA:63,1
DA:68,1
DA:69,1
DA:74,0
DA:76,0
DA:77,0
DA:80,1
DA:86,1
DA:87,3
DA:88,0
DA:91,3
DA:92,3
DA:93,3
DA:94,2
DA:98,3
DA:103,1
DA:105,1
DA:106,2
DA:107,2
DA:109,2
DA:111,2
DA:112,2
DA:113,2
DA:114,2
DA:116,2
DA:118,2
DA:119,2
DA:120,2
DA:121,2
DA:126,2
DA:127,2
DA:129,2
DA:130,2
DA:132,2
DA:133,0
DA:134,0
DA:135,0
DA:139,2
DA:143,1
DA:154,0
DA:156,0
DA:159,1
LF:71
LH:58
BRDA:17,0,0,1
BRDA:17,0,1,2
BRDA:28,1,0,1
BRDA:28,1,1,1
BRDA:33,2,0,0
BRDA:33,2,1,1
BRDA:46,3,0,1
BRDA:46,3,1,2
BRDA:68,4,0,1
BRDA:68,4,1,0
BRDA:68,5,0,1
BRDA:68,5,1,1
BRDA:68,5,2,1
BRDA:68,5,3,1
BRDA:87,6,0,0
BRDA:87,6,1,3
BRDA:93,7,0,2
BRDA:93,7,1,1
BRDA:133,8,0,0
BRDA:133,8,1,0
BRF:20
BRH:15
end_of_record
TN:
SF:root/src/js/github/repo.js
FN:16,(anonymous_0)
FN:17,(anonymous_1)
FN:19,(anonymous_2)
FN:26,(anonymous_3)
FN:48,(anonymous_4)
FNF:5
FNH:0
FNDA:0,(anonymous_0)
FNDA:0,(anonymous_1)
FNDA:0,(anonymous_2)
FNDA:0,(anonymous_3)
FNDA:0,(anonymous_4)
DA:1,0
DA:3,0
DA:9,0
DA:16,0
DA:18,0
DA:19,0
DA:20,0
DA:21,0
DA:22,0
DA:23,0
DA:24,0
DA:25,0
DA:26,0
DA:27,0
DA:28,0
DA:33,0
DA:34,0
DA:35,0
DA:38,0
DA:39,0
DA:41,0
DA:46,0
DA:48,0
DA:49,0
DA:50,0
DA:51,0
LF:26
LH:0
BRDA:20,0,0,0
BRDA:20,0,1,0
BRDA:27,1,0,0
BRDA:27,1,1,0
BRDA:49,2,0,0
BRDA:49,2,1,0
BRF:6
BRH:0
end_of_record
