TN:
SF:root/src/js/main.js
FN:1,(anonymous_0)
FN:4,(anonymous_1)
FN:20,(anonymous_2)
FN:31,(anonymous_3)
FN:60,handleProviderResponse
FN:78,exchangeCodeForToken
FN:97,(anonymous_6)
FN:122,(anonymous_7)
FN:129,interactiveSignIn
FN:131,(anonymous_9)
FN:140,(anonymous_10)
FN:153,disableButton
FN:157,showButton
FN:162,storeAndredirect
FN:178,parseRedirectFragment
FN:181,(anonymous_15)
FN:188,setAccessToken
FNF:17
FNH:8
FNDA:1,(anonymous_0)
FNDA:1,(anonymous_1)
FNDA:0,(anonymous_2)
FNDA:0,(anonymous_3)
FNDA:0,handleProviderResponse
FNDA:0,exchangeCodeForToken
FNDA:0,(anonymous_6)
FNDA:0,(anonymous_7)
FNDA:0,interactiveSignIn
FNDA:0,(anonymous_9)
FNDA:0,(anonymous_10)
FNDA:1,disableButton
FNDA:1,showButton
FNDA:4,storeAndredirect
FNDA:2,parseRedirectFragment
FNDA:4,(anonymous_15)
FNDA:1,setAccessToken
DA:1,1
DA:4,1
DA:7,1
DA:10,1
DA:11,1
DA:12,0
DA:15,1
DA:17,1
DA:19,1
DA:21,0
DA:31,0
DA:34,0
DA:40,0
DA:41,0
DA:42,0
DA:50,0
DA:51,0
DA:52,0
DA:55,0
DA:58,0
DA:61,0
DA:62,0
DA:63,0
DA:64,0
DA:68,0
DA:69,0
DA:71,0
DA:79,0
DA:80,0
DA:92,0
DA:96,0
DA:97,0
DA:100,0
DA:101,0
DA:102,0
DA:103,0
DA:104,0
DA:105,0
DA:107,0
DA:114,0
DA:115,0
DA:118,0
DA:123,0
DA:130,0
DA:131,0
DA:132,0
DA:133,0
DA:138,1
DA:142,0
DA:143,0
DA:144,0
DA:145,0
DA:146,0
DA:147,0
DA:148,0
DA:154,1
DA:158,1
DA:159,1
DA:163,4
DA:164,1
DA:165,1
DA:166,1
DA:167,1
DA:168,3
DA:169,1
DA:170,1
DA:171,1
DA:172,2
DA:173,1
DA:174,1
DA:179,2
DA:180,2
DA:181,2
DA:182,4
DA:183,4
DA:185,2
DA:189,1
DA:190,1
DA:193,1
LF:79
LH:33
BRDA:11,0,0,0
BRDA:11,0,1,1
BRDA:11,1,0,1
BRDA:11,1,1,0
BRDA:40,2,0,0
BRDA:40,2,1,0
BRDA:51,3,0,0
BRDA:51,3,1,0
BRDA:51,4,0,0
BRDA:51,4,1,0
BRDA:62,5,0,0
BRDA:62,5,1,0
BRDA:68,6,0,0
BRDA:68,6,1,0
BRDA:100,7,0,0
BRDA:100,7,1,0
BRDA:103,8,0,0
BRDA:103,8,1,0
BRDA:123,9,0,0
BRDA:123,9,1,0
BRDA:132,10,0,0
BRDA:132,10,1,0
BRDA:163,11,0,1
BRDA:163,11,1,3
BRDA:163,12,0,4
BRDA:163,12,1,3
BRDA:163,12,2,2
BRDA:168,13,0,1
BRDA:168,13,1,2
BRDA:168,14,0,3
BRDA:168,14,1,2
BRDA:172,15,0,1
BRDA:172,15,1,1
BRF:33
BRH:13
end_of_record
TN:
SF:root/src/js/main_page.js
FN:10,getMostRecentMilestone
FN:19,setUser
FN:25,getUser
FN:29,fetchUrl
FN:38,getRepoName
FN:43,displayError
FN:58,getNumIssues
FN:62,setUserVelocity
FN:69,(anonymous_8)
FN:94,loadVelocity
FN:109,initAccessories
FNF:11
FNH:11
FNDA:1,getMostRecentMilestone
FNDA:3,setUser
FNDA:2,getUser
FNDA:6,fetchUrl
FNDA:1,getRepoName
FNDA:2,displayError
FNDA:1,getNumIssues
FNDA:1,setUserVelocity
FNDA:4,(anonymous_8)
FNDA:2,loadVelocity
FNDA:3,initAccessories
DA:1,2
DA:2,2
DA:4,2
DA:5,2
DA:6,2
DA:7,2
DA:8,2
DA:11,1
DA:12,1
DA:13,1
DA:15,1
DA:16,1
DA:20,3
DA:21,1
DA:22,1
DA:26,2
DA:30,6
DA:35,4
DA:39,1
DA:40,1
DA:44,2
DA:45,2
DA:47,1
DA:48,1
DA:50,1
DA:51,1
DA:53,2
DA:54,2
DA:59,1
DA:63,1
DA:64,1
DA:65,1
DA:66,1
DA:67,1
DA:68,1
DA:69,4
DA:70,1
DA:73,1
DA:83,1
DA:84,1
DA:88,1
DA:89,1
DA:90,1
DA:95,2
DA:96,0
DA:97,0
DA:98,0
DA:99,0
DA:101,0
DA:102,0
DA:103,0
DA:104,0
DA:106,0
DA:110,3
DA:111,3
DA:112,1
DA:115,1
DA:116,1
DA:118,3
DA:123,1
DA:124,1
DA:125,4
DA:126,1
DA:133,2
DA:134,2
LF:65
LH:56
BRDA:16,0,0,1
BRDA:16,0,1,0
BRDA:16,1,0,1
BRDA:16,1,1,1
BRDA:45,2,0,1
BRDA:45,2,1,1
BRDA:70,3,0,0
BRDA:70,3,1,1
BRDA:73,4,0,1
BRDA:73,4,1,0
BRDA:89,5,0,1
BRDA:89,5,1,0
BRDA:89,6,0,1
BRDA:89,6,1,0
BRDA:97,7,0,0
BRDA:97,7,1,0
BRDA:102,8,0,0
BRDA:102,8,1,0
BRDA:111,9,0,1
BRDA:111,9,1,2
BRDA:118,10,0,1
BRDA:118,10,1,2
BRDA:125,11,0,1
BRDA:125,11,1,3
BRF:24
BRH:15
end_of_record
TN:
SF:root/src/js/raptor_name.js
FN:4,(anonymous_0)
FN:6,saveName
FN:13,isRaptorNameValid
FN:96,(anonymous_3)
FNF:4
FNH:3
FNDA:0,(anonymous_0)
FNDA:1,saveName
FNDA:5,isRaptorNameValid
FNDA:5,(anonymous_3)
DA:1,3
DA:3,3
DA:4,2
DA:7,1
DA:8,1
DA:9,1
DA:10,1
DA:14,5
DA:93,5
DA:94,5
DA:96,5
DA:98,5
DA:100,4
DA:103,1
LF:14
LH:14
BRDA:3,0,0,2
BRDA:3,0,1,1
BRDA:98,1,0,4
BRDA:98,1,1,1
BRF:4
BRH:4
end_of_record
TN:
SF:root/src/js/remove_all.js
FN:4,restartGif
FN:15,(anonymous_1)
FN:21,removeAllData
FNF:3
FNH:2
FNDA:1,restartGif
FNDA:0,(anonymous_1)
FNDA:1,removeAllData
DA:1,1
DA:2,1
DA:5,1
DA:6,1
DA:8,1
DA:9,1
DA:10,1
DA:14,1
DA:15,0
DA:16,0
DA:17,0
DA:22,1
DA:23,1
DA:24,1
DA:25,1
DA:26,1
DA:29,1
DA:30,1
LF:18
LH:15
BRDA:8,0,0,1
BRDA:8,0,1,0
BRDA:14,1,0,0
BRDA:14,1,1,1
BRF:4
BRH:2
end_of_record
TN:
SF:root/src/js/user_settings.js
FN:16,(anonymous_0)
FN:17,(anonymous_1)
FN:31,clearAccessory
FN:47,(anonymous_3)
FN:55,(anonymous_4)
FN:64,(anonymous_5)
FN:75,currentlyActive
FN:79,(anonymous_7)
FN:95,displayRaptorName
FNF:9
FNH:9
FNDA:32,(anonymous_0)
FNDA:8,(anonymous_1)
FNDA:1,clearAccessory
FNDA:2,(anonymous_3)
FNDA:2,(anonymous_4)
FNDA:1,(anonymous_5)
FNDA:16,currentlyActive
FNDA:14,(anonymous_7)
FNDA:8,displayRaptorName
DA:2,8
DA:3,8
DA:4,8
DA:6,8
DA:7,8
DA:8,8
DA:10,8
DA:12,8
DA:14,8
DA:15,8
DA:16,8
DA:17,32
DA:18,8
DA:19,8
DA:20,8
DA:21,8
DA:29,8
DA:32,1
DA:33,1
DA:34,4
DA:35,4
DA:39,4
DA:47,8
DA:48,2
DA:49,2
DA:50,2
DA:51,2
DA:52,2
DA:53,2
DA:55,8
DA:56,2
DA:57,2
DA:58,2
DA:59,2
DA:60,2
DA:61,2
DA:64,8
DA:65,1
DA:66,1
DA:67,1
DA:68,1
DA:69,1
DA:70,1
DA:76,16
DA:77,16
DA:78,16
DA:79,46
DA:80,14
DA:81,10
DA:85,14
DA:87,14
DA:91,8
DA:96,8
DA:98,8
DA:99,7
DA:104,1
DA:107,8
DA:111,8
DA:112,7
DA:113,7
DA:114,28
DA:115,12
LF:62
LH:62
BRDA:34,0,0,4
BRDA:34,0,1,0
BRDA:80,1,0,10
BRDA:80,1,1,4
BRDA:98,2,0,7
BRDA:98,2,1,1
BRDA:111,3,0,7
BRDA:111,3,1,1
BRDA:114,4,0,12
BRDA:114,4,1,16
BRF:10
BRH:9
end_of_record
TN:
SF:root/src/js/github/issues.js
FN:3,displayIssues
FN:14,fetchToken
FN:24,fetchRepository
FN:43,fetchUsername
FN:54,(anonymous_4)
FN:55,(anonymous_5)
FN:59,(anonymous_6)
FN:67,retrieveIssues
FN:74,(anonymous_8)
FN:75,(anonymous_9)
FN:79,(anonymous_10)
FN:85,filterAssignedIssues
FN:86,(anonymous_12)
FN:92,(anonymous_13)
FN:102,addIssuesToDOM
FN:105,(anonymous_15)
FN:125,createIssueCheckbox
FN:132,(anonymous_17)
FN:142,closeIssue
FN:154,(anonymous_19)
FN:155,(anonymous_20)
FN:158,(anonymous_21)
FNF:22
FNH:17
FNDA:1,displayIssues
FNDA:3,fetchToken
FNDA:2,fetchRepository
FNDA:3,fetchUsername
FNDA:1,(anonymous_4)
FNDA:1,(anonymous_5)
FNDA:1,(anonymous_6)
FNDA:1,retrieveIssues
FNDA:0,(anonymous_8)
FNDA:0,(anonymous_9)
FNDA:1,(anonymous_10)
FNDA:1,filterAssignedIssues
FNDA:3,(anonymous_12)
FNDA:3,(anonymous_13)
FNDA:1,addIssuesToDOM
FNDA:2,(anonymous_15)
FNDA:2,createIssueCheckbox
FNDA:0,(anonymous_17)
FNDA:1,closeIssue
FNDA:0,(anonymous_19)
FNDA:0,(anonymous_20)
FNDA:1,(anonymous_21)
DA:1,1
DA:4,1
DA:5,1
DA:6,0
DA:7,0
DA:8,0
DA:10,1
DA:15,3
DA:17,3
DA:18,1
DA:20,2
DA:25,2
DA:26,2
DA:28,2
DA:29,1
DA:31,1
DA:32,1
DA:33,1
DA:34,0
DA:37,1
DA:39,1
DA:44,3
DA:46,3
DA:47,1
DA:49,2
DA:54,1
DA:56,1
DA:57,1
DA:60,1
DA:63,1
DA:68,1
DA:69,1
DA:74,0
DA:76,0
DA:77,0
DA:80,1
DA:86,1
DA:87,3
DA:88,0
DA:91,3
DA:92,3
DA:93,3
DA:94,2
DA:98,3
DA:103,1
DA:105,1
DA:106,2
DA:107,2
DA:109,2
DA:111,2
DA:112,2
DA:113,2
DA:114,2
DA:116,2
DA:118,2
DA:119,2
DA:120,2
DA:121,2
DA:126,2
DA:127,2
DA:129,2
DA:130,2
DA:132,2
DA:133,0
DA:134,0
DA:135,0
DA:139,2
DA:143,1
DA:154,0
DA:156,0
DA:159,1
LF:71
LH:58
BRDA:17,0,0,1
BRDA:17,0,1,2
BRDA:28,1,0,1
BRDA:28,1,1,1
BRDA:33,2,0,0
BRDA:33,2,1,1
BRDA:46,3,0,1
BRDA:46,3,1,2
BRDA:68,4,0,1
BRDA:68,4,1,0
BRDA:68,5,0,1
BRDA:68,5,1,1
BRDA:68,5,2,1
BRDA:68,5,3,1
BRDA:87,6,0,0
BRDA:87,6,1,3
BRDA:93,7,0,2
BRDA:93,7,1,1
BRDA:133,8,0,0
BRDA:133,8,1,0
BRF:20
BRH:15
end_of_record
TN:
SF:root\src\js\github\repo.js
FN:8,tableRowUpdate
FN:16,tableCellUpdate
FN:23,main
FN:32,(anonymous_3)
FN:33,(anonymous_4)
FN:35,(anonymous_5)
FN:42,(anonymous_6)
FN:63,(anonymous_7)
FNF:8
FNH:4
FNDA:1,tableRowUpdate
FNDA:1,tableCellUpdate
FNDA:2,main
FNDA:1,(anonymous_3)
FNDA:0,(anonymous_4)
FNDA:0,(anonymous_5)
FNDA:0,(anonymous_6)
FNDA:0,(anonymous_7)
DA:1,2
DA:3,2
DA:9,1
DA:10,1
DA:12,1
DA:13,1
DA:17,1
DA:18,1
DA:19,1
DA:20,1
DA:25,2
DA:32,1
DA:34,0
DA:35,0
DA:36,0
DA:37,0
DA:38,0
DA:40,0
DA:42,0
DA:43,0
DA:44,0
DA:49,0
DA:50,0
DA:51,0
DA:54,0
DA:60,2
DA:62,2
DA:63,1
DA:64,0
DA:65,0
DA:66,0
DA:71,2
LF:32
LH:16
BRDA:36,0,0,0
BRDA:36,0,1,0
BRDA:43,1,0,0
BRDA:43,1,1,0
BRDA:62,2,0,1
BRDA:62,2,1,1
BRDA:64,3,0,0
BRDA:64,3,1,0
BRF:8
BRH:2
end_of_record
